[debug] [2020-12-28T06:45:36.849Z] ----------------------------------------------------------------------
[debug] [2020-12-28T06:45:36.851Z] Command:       /Users/pokeoseu/.nvm/versions/node/v12.14.1/bin/node /Users/pokeoseu/.nvm/versions/node/v12.14.1/bin/firebase emulators:start
[debug] [2020-12-28T06:45:36.851Z] CLI Version:   9.1.0
[debug] [2020-12-28T06:45:36.851Z] Platform:      darwin
[debug] [2020-12-28T06:45:36.852Z] Node Version:  v12.14.1
[debug] [2020-12-28T06:45:36.854Z] Time:          Mon Dec 28 2020 15:45:36 GMT+0900 (GMT+09:00)
[debug] [2020-12-28T06:45:36.854Z] ----------------------------------------------------------------------
[debug] [2020-12-28T06:45:36.854Z] 
[debug] [2020-12-28T06:45:36.867Z] > command requires scopes: ["email","openid","https://www.googleapis.com/auth/cloudplatformprojects.readonly","https://www.googleapis.com/auth/firebase","https://www.googleapis.com/auth/cloud-platform"]
[debug] [2020-12-28T06:45:36.868Z] > authorizing via signed-in user
[info] i  emulators: Starting emulators: functions, hosting {"metadata":{"emulator":{"name":"hub"},"message":"Starting emulators: functions, hosting"}}
[debug] [2020-12-28T06:45:36.911Z] [hub] writing locator at /var/folders/84/79rdnsl55h1f9syrjz8n55kw0000gn/T/hub-challenge-d691f.json
[warn] ⚠  functions: The following emulators are not running, calls to these services from the Functions emulator will affect production: auth, firestore, database, pubsub {"metadata":{"emulator":{"name":"functions"},"message":"The following emulators are not running, calls to these services from the Functions emulator will affect production: \u001b[1mauth, firestore, database, pubsub\u001b[22m"}}
[info] ✔  functions: Using node@12 from host. {"metadata":{"emulator":{"name":"functions"},"message":"Using node@12 from host."}}
[debug] [2020-12-28T06:45:37.048Z] defaultcredentials: writing to file /Users/pokeoseu/.config/firebase/zg788990_gmail_com_application_default_credentials.json
[debug] [2020-12-28T06:45:37.052Z] Setting GAC to /Users/pokeoseu/.config/firebase/zg788990_gmail_com_application_default_credentials.json {"metadata":{"emulator":{"name":"functions"},"message":"Setting GAC to /Users/pokeoseu/.config/firebase/zg788990_gmail_com_application_default_credentials.json"}}
[debug] [2020-12-28T06:45:37.062Z] >>> HTTP REQUEST GET https://firebase.googleapis.com/v1beta1/projects/challenge-d691f/webApps/-/config  
 
[debug] [2020-12-28T06:45:38.995Z] <<< HTTP RESPONSE 200 {"content-type":"application/json; charset=UTF-8","vary":"X-Origin, Referer, Origin,Accept-Encoding","date":"Mon, 28 Dec 2020 06:45:39 GMT","server":"ESF","cache-control":"private","x-xss-protection":"0","x-frame-options":"SAMEORIGIN","x-content-type-options":"nosniff","alt-svc":"h3-29=\":443\"; ma=2592000,h3-T051=\":443\"; ma=2592000,h3-Q050=\":443\"; ma=2592000,h3-Q046=\":443\"; ma=2592000,h3-Q043=\":443\"; ma=2592000,quic=\":443\"; ma=2592000; v=\"46,43\"","accept-ranges":"none","transfer-encoding":"chunked"}
[info] i  hosting: Serving hosting files from: build {"metadata":{"emulator":{"name":"hosting"},"message":"Serving hosting files from: \u001b[1mbuild\u001b[22m"}}
[info] ✔  hosting: Local server: http://localhost:5000 {"metadata":{"emulator":{"name":"hosting"},"message":"Local server: \u001b[4m\u001b[1mhttp://localhost:5000\u001b[22m\u001b[24m"}}
[debug] [2020-12-28T06:45:39.043Z] Ignoring unsupported arg: auto_download {"metadata":{"emulator":{"name":"ui"},"message":"Ignoring unsupported arg: auto_download"}}
[debug] [2020-12-28T06:45:39.043Z] Ignoring unsupported arg: port {"metadata":{"emulator":{"name":"ui"},"message":"Ignoring unsupported arg: port"}}
[debug] [2020-12-28T06:45:39.043Z] Starting Emulator UI with command {"binary":"node","args":["/Users/pokeoseu/.cache/firebase/emulators/ui-v1.4.1/server.bundle.js"],"optionalArgs":[],"joinArgs":false} {"metadata":{"emulator":{"name":"ui"},"message":"Starting Emulator UI with command {\"binary\":\"node\",\"args\":[\"/Users/pokeoseu/.cache/firebase/emulators/ui-v1.4.1/server.bundle.js\"],\"optionalArgs\":[],\"joinArgs\":false}"}}
[info] i  ui: Emulator UI logging to ui-debug.log {"metadata":{"emulator":{"name":"ui"},"message":"Emulator UI logging to \u001b[1mui-debug.log\u001b[22m"}}
[debug] [2020-12-28T06:45:39.211Z] Web / API server started at http://localhost:4000
 {"metadata":{"emulator":{"name":"ui"},"message":"Web / API server started at http://localhost:4000\n"}}
[info] i  functions: Watching "/Users/pokeoseu/Desktop/amazon-clone/functions" for Cloud Functions... {"metadata":{"emulator":{"name":"functions"},"message":"Watching \"/Users/pokeoseu/Desktop/amazon-clone/functions\" for Cloud Functions..."}}
[debug] [2020-12-28T06:45:39.331Z] [worker-pool] addWorker(~diagnostic~) {"metadata":{"emulator":{"name":"functions"},"message":"[worker-pool] addWorker(~diagnostic~)"}}
[debug] [2020-12-28T06:45:39.332Z] [worker-pool] Adding worker with key ~diagnostic~, total=1 {"metadata":{"emulator":{"name":"functions"},"message":"[worker-pool] Adding worker with key ~diagnostic~, total=1"}}
[debug] [2020-12-28T06:45:39.332Z] [worker-pool] submitWork(triggerId=) {"metadata":{"emulator":{"name":"functions"},"message":"[worker-pool] submitWork(triggerId=)"}}
[debug] [2020-12-28T06:45:39.332Z] [worker-~diagnostic~-7813c1b4-6ea1-4c90-a9a1-837b7852a581]: Assigning socketPath: /var/folders/84/79rdnsl55h1f9syrjz8n55kw0000gn/T/fire_emu_53399.sock {"metadata":{"emulator":{"name":"functions"},"message":"[worker-~diagnostic~-7813c1b4-6ea1-4c90-a9a1-837b7852a581]: Assigning socketPath: /var/folders/84/79rdnsl55h1f9syrjz8n55kw0000gn/T/fire_emu_53399.sock"}}
[debug] [2020-12-28T06:45:39.333Z] [worker-~diagnostic~-7813c1b4-6ea1-4c90-a9a1-837b7852a581]: BUSY {"metadata":{"emulator":{"name":"functions"},"message":"[worker-~diagnostic~-7813c1b4-6ea1-4c90-a9a1-837b7852a581]: BUSY"}}
[debug] [2020-12-28T06:45:39.545Z] [runtime-status] [53399] Functions runtime initialized. {"cwd":"/Users/pokeoseu/Desktop/amazon-clone/functions","node_version":"12.14.1"} {"metadata":{"emulator":{"name":"functions"},"message":"[runtime-status] [53399] Functions runtime initialized. {\"cwd\":\"/Users/pokeoseu/Desktop/amazon-clone/functions\",\"node_version\":\"12.14.1\"}"}}
[debug] [2020-12-28T06:45:39.548Z] [runtime-status] [53399] Disabled runtime features: undefined {"metadata":{"emulator":{"name":"functions"},"message":"[runtime-status] [53399] Disabled runtime features: undefined"}}
[debug] [2020-12-28T06:45:39.551Z] [runtime-status] [53399] Resolved module firebase-admin {"declared":true,"installed":true,"version":"9.4.2","resolution":"/Users/pokeoseu/Desktop/amazon-clone/functions/node_modules/firebase-admin/lib/index.js"} {"metadata":{"emulator":{"name":"functions"},"message":"[runtime-status] [53399] Resolved module firebase-admin {\"declared\":true,\"installed\":true,\"version\":\"9.4.2\",\"resolution\":\"/Users/pokeoseu/Desktop/amazon-clone/functions/node_modules/firebase-admin/lib/index.js\"}"}}
[debug] [2020-12-28T06:45:39.553Z] [runtime-status] [53399] Resolved module firebase-functions {"declared":true,"installed":true,"version":"3.13.0","resolution":"/Users/pokeoseu/Desktop/amazon-clone/functions/node_modules/firebase-functions/lib/index.js"} {"metadata":{"emulator":{"name":"functions"},"message":"[runtime-status] [53399] Resolved module firebase-functions {\"declared\":true,\"installed\":true,\"version\":\"3.13.0\",\"resolution\":\"/Users/pokeoseu/Desktop/amazon-clone/functions/node_modules/firebase-functions/lib/index.js\"}"}}
[debug] [2020-12-28T06:45:39.555Z] [runtime-status] [53399] Resolved module firebase-functions {"declared":true,"installed":true,"version":"3.13.0","resolution":"/Users/pokeoseu/Desktop/amazon-clone/functions/node_modules/firebase-functions/lib/index.js"} {"metadata":{"emulator":{"name":"functions"},"message":"[runtime-status] [53399] Resolved module firebase-functions {\"declared\":true,\"installed\":true,\"version\":\"3.13.0\",\"resolution\":\"/Users/pokeoseu/Desktop/amazon-clone/functions/node_modules/firebase-functions/lib/index.js\"}"}}
[debug] [2020-12-28T06:45:39.557Z] [runtime-status] [53399] Outgoing network have been stubbed. [{"name":"http","status":"mocked"},{"name":"http","status":"mocked"},{"name":"https","status":"mocked"},{"name":"https","status":"mocked"},{"name":"net","status":"mocked"}] {"metadata":{"emulator":{"name":"functions"},"message":"[runtime-status] [53399] Outgoing network have been stubbed. [{\"name\":\"http\",\"status\":\"mocked\"},{\"name\":\"http\",\"status\":\"mocked\"},{\"name\":\"https\",\"status\":\"mocked\"},{\"name\":\"https\",\"status\":\"mocked\"},{\"name\":\"net\",\"status\":\"mocked\"}]"}}
[debug] [2020-12-28T06:45:39.558Z] [runtime-status] [53399] Resolved module firebase-functions {"declared":true,"installed":true,"version":"3.13.0","resolution":"/Users/pokeoseu/Desktop/amazon-clone/functions/node_modules/firebase-functions/lib/index.js"} {"metadata":{"emulator":{"name":"functions"},"message":"[runtime-status] [53399] Resolved module firebase-functions {\"declared\":true,\"installed\":true,\"version\":\"3.13.0\",\"resolution\":\"/Users/pokeoseu/Desktop/amazon-clone/functions/node_modules/firebase-functions/lib/index.js\"}"}}
[debug] [2020-12-28T06:45:39.617Z] [runtime-status] [53399] Checked functions.config() {"config":{}} {"metadata":{"emulator":{"name":"functions"},"message":"[runtime-status] [53399] Checked functions.config() {\"config\":{}}"}}
[debug] [2020-12-28T06:45:39.617Z] [runtime-status] [53399] firebase-functions has been stubbed. {"functionsResolution":{"declared":true,"installed":true,"version":"3.13.0","resolution":"/Users/pokeoseu/Desktop/amazon-clone/functions/node_modules/firebase-functions/lib/index.js"}} {"metadata":{"emulator":{"name":"functions"},"message":"[runtime-status] [53399] firebase-functions has been stubbed. {\"functionsResolution\":{\"declared\":true,\"installed\":true,\"version\":\"3.13.0\",\"resolution\":\"/Users/pokeoseu/Desktop/amazon-clone/functions/node_modules/firebase-functions/lib/index.js\"}}"}}
[debug] [2020-12-28T06:45:39.618Z] [runtime-status] [53399] Resolved module firebase-functions {"declared":true,"installed":true,"version":"3.13.0","resolution":"/Users/pokeoseu/Desktop/amazon-clone/functions/node_modules/firebase-functions/lib/index.js"} {"metadata":{"emulator":{"name":"functions"},"message":"[runtime-status] [53399] Resolved module firebase-functions {\"declared\":true,\"installed\":true,\"version\":\"3.13.0\",\"resolution\":\"/Users/pokeoseu/Desktop/amazon-clone/functions/node_modules/firebase-functions/lib/index.js\"}"}}
[debug] [2020-12-28T06:45:39.619Z] [runtime-status] [53399] Resolved module firebase-admin {"declared":true,"installed":true,"version":"9.4.2","resolution":"/Users/pokeoseu/Desktop/amazon-clone/functions/node_modules/firebase-admin/lib/index.js"} {"metadata":{"emulator":{"name":"functions"},"message":"[runtime-status] [53399] Resolved module firebase-admin {\"declared\":true,\"installed\":true,\"version\":\"9.4.2\",\"resolution\":\"/Users/pokeoseu/Desktop/amazon-clone/functions/node_modules/firebase-admin/lib/index.js\"}"}}
[debug] [2020-12-28T06:45:39.620Z] [runtime-status] [53399] Resolved module firebase-functions {"declared":true,"installed":true,"version":"3.13.0","resolution":"/Users/pokeoseu/Desktop/amazon-clone/functions/node_modules/firebase-functions/lib/index.js"} {"metadata":{"emulator":{"name":"functions"},"message":"[runtime-status] [53399] Resolved module firebase-functions {\"declared\":true,\"installed\":true,\"version\":\"3.13.0\",\"resolution\":\"/Users/pokeoseu/Desktop/amazon-clone/functions/node_modules/firebase-functions/lib/index.js\"}"}}
[debug] [2020-12-28T06:45:39.620Z] [runtime-status] [53399] firebase-admin has been stubbed. {"adminResolution":{"declared":true,"installed":true,"version":"9.4.2","resolution":"/Users/pokeoseu/Desktop/amazon-clone/functions/node_modules/firebase-admin/lib/index.js"}} {"metadata":{"emulator":{"name":"functions"},"message":"[runtime-status] [53399] firebase-admin has been stubbed. {\"adminResolution\":{\"declared\":true,\"installed\":true,\"version\":\"9.4.2\",\"resolution\":\"/Users/pokeoseu/Desktop/amazon-clone/functions/node_modules/firebase-admin/lib/index.js\"}}"}}
[warn] ⚠  Error: Cannot find module 'stripe'
Require stack:
- /Users/pokeoseu/Desktop/amazon-clone/functions/index.js
- /Users/pokeoseu/.nvm/versions/node/v12.14.1/lib/node_modules/firebase-tools/lib/emulator/functionsEmulatorRuntime.js
    at Function.Module._resolveFilename (internal/modules/cjs/loader.js:793:17)
    at Function.Module._load (internal/modules/cjs/loader.js:686:27)
    at Module.require (internal/modules/cjs/loader.js:848:19)
    at require (internal/modules/cjs/helpers.js:74:18)
    at Object.<anonymous> (/Users/pokeoseu/Desktop/amazon-clone/functions/index.js:4:16)
    at Module._compile (internal/modules/cjs/loader.js:955:30)
    at Object.Module._extensions..js (internal/modules/cjs/loader.js:991:10)
    at Module.load (internal/modules/cjs/loader.js:811:32)
    at Function.Module._load (internal/modules/cjs/loader.js:723:14)
    at Module.require (internal/modules/cjs/loader.js:848:19) {"metadata":{"emulator":{"name":"functions"},"message":"Error: Cannot find module 'stripe'\nRequire stack:\n- /Users/pokeoseu/Desktop/amazon-clone/functions/index.js\n- /Users/pokeoseu/.nvm/versions/node/v12.14.1/lib/node_modules/firebase-tools/lib/emulator/functionsEmulatorRuntime.js\n    at Function.Module._resolveFilename (internal/modules/cjs/loader.js:793:17)\n    at Function.Module._load (internal/modules/cjs/loader.js:686:27)\n    at Module.require (internal/modules/cjs/loader.js:848:19)\n    at require (internal/modules/cjs/helpers.js:74:18)\n    at Object.<anonymous> (/Users/pokeoseu/Desktop/amazon-clone/functions/index.js:4:16)\n    at Module._compile (internal/modules/cjs/loader.js:955:30)\n    at Object.Module._extensions..js (internal/modules/cjs/loader.js:991:10)\n    at Module.load (internal/modules/cjs/loader.js:811:32)\n    at Function.Module._load (internal/modules/cjs/loader.js:723:14)\n    at Module.require (internal/modules/cjs/loader.js:848:19)"}}
[warn] ⚠  We were unable to load your functions code. (see above) {"metadata":{"emulator":{"name":"functions"}}}
[debug] [2020-12-28T06:45:39.771Z] [worker-~diagnostic~-7813c1b4-6ea1-4c90-a9a1-837b7852a581]: exited {"metadata":{"emulator":{"name":"functions"},"message":"[worker-~diagnostic~-7813c1b4-6ea1-4c90-a9a1-837b7852a581]: exited"}}
[debug] [2020-12-28T06:45:39.772Z] [worker-~diagnostic~-7813c1b4-6ea1-4c90-a9a1-837b7852a581]: FINISHED {"metadata":{"emulator":{"name":"functions"},"message":"[worker-~diagnostic~-7813c1b4-6ea1-4c90-a9a1-837b7852a581]: FINISHED"}}
[debug] [2020-12-28T06:46:46.267Z] File /Users/pokeoseu/Desktop/amazon-clone/functions/index.js changed, reloading triggers {"metadata":{"emulator":{"name":"functions"},"message":"File /Users/pokeoseu/Desktop/amazon-clone/functions/index.js changed, reloading triggers"}}
[debug] [2020-12-28T06:46:47.272Z] [worker-pool] Cleaned up workers for ~diagnostic~: 1 --> 0 {"metadata":{"emulator":{"name":"functions"},"message":"[worker-pool] Cleaned up workers for ~diagnostic~: 1 --> 0"}}
[debug] [2020-12-28T06:46:47.276Z] [worker-pool] addWorker(~diagnostic~) {"metadata":{"emulator":{"name":"functions"},"message":"[worker-pool] addWorker(~diagnostic~)"}}
[debug] [2020-12-28T06:46:47.277Z] [worker-pool] Adding worker with key ~diagnostic~, total=1 {"metadata":{"emulator":{"name":"functions"},"message":"[worker-pool] Adding worker with key ~diagnostic~, total=1"}}
[debug] [2020-12-28T06:46:47.277Z] [worker-pool] submitWork(triggerId=) {"metadata":{"emulator":{"name":"functions"},"message":"[worker-pool] submitWork(triggerId=)"}}
[debug] [2020-12-28T06:46:47.277Z] [worker-~diagnostic~-92a4fa10-e1e4-4005-85cb-710bebdd3109]: Assigning socketPath: /var/folders/84/79rdnsl55h1f9syrjz8n55kw0000gn/T/fire_emu_53401.sock {"metadata":{"emulator":{"name":"functions"},"message":"[worker-~diagnostic~-92a4fa10-e1e4-4005-85cb-710bebdd3109]: Assigning socketPath: /var/folders/84/79rdnsl55h1f9syrjz8n55kw0000gn/T/fire_emu_53401.sock"}}
[debug] [2020-12-28T06:46:47.277Z] [worker-~diagnostic~-92a4fa10-e1e4-4005-85cb-710bebdd3109]: BUSY {"metadata":{"emulator":{"name":"functions"},"message":"[worker-~diagnostic~-92a4fa10-e1e4-4005-85cb-710bebdd3109]: BUSY"}}
[debug] [2020-12-28T06:46:47.516Z] [runtime-status] [53401] Functions runtime initialized. {"cwd":"/Users/pokeoseu/Desktop/amazon-clone/functions","node_version":"12.14.1"} {"metadata":{"emulator":{"name":"functions"},"message":"[runtime-status] [53401] Functions runtime initialized. {\"cwd\":\"/Users/pokeoseu/Desktop/amazon-clone/functions\",\"node_version\":\"12.14.1\"}"}}
[debug] [2020-12-28T06:46:47.518Z] [runtime-status] [53401] Disabled runtime features: undefined {"metadata":{"emulator":{"name":"functions"},"message":"[runtime-status] [53401] Disabled runtime features: undefined"}}
[debug] [2020-12-28T06:46:47.524Z] [runtime-status] [53401] Resolved module firebase-admin {"declared":true,"installed":true,"version":"9.4.2","resolution":"/Users/pokeoseu/Desktop/amazon-clone/functions/node_modules/firebase-admin/lib/index.js"} {"metadata":{"emulator":{"name":"functions"},"message":"[runtime-status] [53401] Resolved module firebase-admin {\"declared\":true,\"installed\":true,\"version\":\"9.4.2\",\"resolution\":\"/Users/pokeoseu/Desktop/amazon-clone/functions/node_modules/firebase-admin/lib/index.js\"}"}}
[debug] [2020-12-28T06:46:47.529Z] [runtime-status] [53401] Resolved module firebase-functions {"declared":true,"installed":true,"version":"3.13.0","resolution":"/Users/pokeoseu/Desktop/amazon-clone/functions/node_modules/firebase-functions/lib/index.js"} {"metadata":{"emulator":{"name":"functions"},"message":"[runtime-status] [53401] Resolved module firebase-functions {\"declared\":true,\"installed\":true,\"version\":\"3.13.0\",\"resolution\":\"/Users/pokeoseu/Desktop/amazon-clone/functions/node_modules/firebase-functions/lib/index.js\"}"}}
[debug] [2020-12-28T06:46:47.533Z] [runtime-status] [53401] Resolved module firebase-functions {"declared":true,"installed":true,"version":"3.13.0","resolution":"/Users/pokeoseu/Desktop/amazon-clone/functions/node_modules/firebase-functions/lib/index.js"} {"metadata":{"emulator":{"name":"functions"},"message":"[runtime-status] [53401] Resolved module firebase-functions {\"declared\":true,\"installed\":true,\"version\":\"3.13.0\",\"resolution\":\"/Users/pokeoseu/Desktop/amazon-clone/functions/node_modules/firebase-functions/lib/index.js\"}"}}
[debug] [2020-12-28T06:46:47.537Z] [runtime-status] [53401] Outgoing network have been stubbed. [{"name":"http","status":"mocked"},{"name":"http","status":"mocked"},{"name":"https","status":"mocked"},{"name":"https","status":"mocked"},{"name":"net","status":"mocked"}] {"metadata":{"emulator":{"name":"functions"},"message":"[runtime-status] [53401] Outgoing network have been stubbed. [{\"name\":\"http\",\"status\":\"mocked\"},{\"name\":\"http\",\"status\":\"mocked\"},{\"name\":\"https\",\"status\":\"mocked\"},{\"name\":\"https\",\"status\":\"mocked\"},{\"name\":\"net\",\"status\":\"mocked\"}]"}}
[debug] [2020-12-28T06:46:47.537Z] [runtime-status] [53401] Resolved module firebase-functions {"declared":true,"installed":true,"version":"3.13.0","resolution":"/Users/pokeoseu/Desktop/amazon-clone/functions/node_modules/firebase-functions/lib/index.js"} {"metadata":{"emulator":{"name":"functions"},"message":"[runtime-status] [53401] Resolved module firebase-functions {\"declared\":true,\"installed\":true,\"version\":\"3.13.0\",\"resolution\":\"/Users/pokeoseu/Desktop/amazon-clone/functions/node_modules/firebase-functions/lib/index.js\"}"}}
[debug] [2020-12-28T06:46:47.603Z] [runtime-status] [53401] Checked functions.config() {"config":{}} {"metadata":{"emulator":{"name":"functions"},"message":"[runtime-status] [53401] Checked functions.config() {\"config\":{}}"}}
[debug] [2020-12-28T06:46:47.603Z] [runtime-status] [53401] firebase-functions has been stubbed. {"functionsResolution":{"declared":true,"installed":true,"version":"3.13.0","resolution":"/Users/pokeoseu/Desktop/amazon-clone/functions/node_modules/firebase-functions/lib/index.js"}} {"metadata":{"emulator":{"name":"functions"},"message":"[runtime-status] [53401] firebase-functions has been stubbed. {\"functionsResolution\":{\"declared\":true,\"installed\":true,\"version\":\"3.13.0\",\"resolution\":\"/Users/pokeoseu/Desktop/amazon-clone/functions/node_modules/firebase-functions/lib/index.js\"}}"}}
[debug] [2020-12-28T06:46:47.603Z] [runtime-status] [53401] Resolved module firebase-functions {"declared":true,"installed":true,"version":"3.13.0","resolution":"/Users/pokeoseu/Desktop/amazon-clone/functions/node_modules/firebase-functions/lib/index.js"} {"metadata":{"emulator":{"name":"functions"},"message":"[runtime-status] [53401] Resolved module firebase-functions {\"declared\":true,\"installed\":true,\"version\":\"3.13.0\",\"resolution\":\"/Users/pokeoseu/Desktop/amazon-clone/functions/node_modules/firebase-functions/lib/index.js\"}"}}
[debug] [2020-12-28T06:46:47.604Z] [runtime-status] [53401] Resolved module firebase-admin {"declared":true,"installed":true,"version":"9.4.2","resolution":"/Users/pokeoseu/Desktop/amazon-clone/functions/node_modules/firebase-admin/lib/index.js"} {"metadata":{"emulator":{"name":"functions"},"message":"[runtime-status] [53401] Resolved module firebase-admin {\"declared\":true,\"installed\":true,\"version\":\"9.4.2\",\"resolution\":\"/Users/pokeoseu/Desktop/amazon-clone/functions/node_modules/firebase-admin/lib/index.js\"}"}}
[debug] [2020-12-28T06:46:47.604Z] [runtime-status] [53401] Resolved module firebase-functions {"declared":true,"installed":true,"version":"3.13.0","resolution":"/Users/pokeoseu/Desktop/amazon-clone/functions/node_modules/firebase-functions/lib/index.js"} {"metadata":{"emulator":{"name":"functions"},"message":"[runtime-status] [53401] Resolved module firebase-functions {\"declared\":true,\"installed\":true,\"version\":\"3.13.0\",\"resolution\":\"/Users/pokeoseu/Desktop/amazon-clone/functions/node_modules/firebase-functions/lib/index.js\"}"}}
[debug] [2020-12-28T06:46:47.605Z] [runtime-status] [53401] firebase-admin has been stubbed. {"adminResolution":{"declared":true,"installed":true,"version":"9.4.2","resolution":"/Users/pokeoseu/Desktop/amazon-clone/functions/node_modules/firebase-admin/lib/index.js"}} {"metadata":{"emulator":{"name":"functions"},"message":"[runtime-status] [53401] firebase-admin has been stubbed. {\"adminResolution\":{\"declared\":true,\"installed\":true,\"version\":\"9.4.2\",\"resolution\":\"/Users/pokeoseu/Desktop/amazon-clone/functions/node_modules/firebase-admin/lib/index.js\"}}"}}
[warn] ⚠  Error: Cannot find module 'stripe'
Require stack:
- /Users/pokeoseu/Desktop/amazon-clone/functions/index.js
- /Users/pokeoseu/.nvm/versions/node/v12.14.1/lib/node_modules/firebase-tools/lib/emulator/functionsEmulatorRuntime.js
    at Function.Module._resolveFilename (internal/modules/cjs/loader.js:793:17)
    at Function.Module._load (internal/modules/cjs/loader.js:686:27)
    at Module.require (internal/modules/cjs/loader.js:848:19)
    at require (internal/modules/cjs/helpers.js:74:18)
    at Object.<anonymous> (/Users/pokeoseu/Desktop/amazon-clone/functions/index.js:4:16)
    at Module._compile (internal/modules/cjs/loader.js:955:30)
    at Object.Module._extensions..js (internal/modules/cjs/loader.js:991:10)
    at Module.load (internal/modules/cjs/loader.js:811:32)
    at Function.Module._load (internal/modules/cjs/loader.js:723:14)
    at Module.require (internal/modules/cjs/loader.js:848:19) {"metadata":{"emulator":{"name":"functions"},"message":"Error: Cannot find module 'stripe'\nRequire stack:\n- /Users/pokeoseu/Desktop/amazon-clone/functions/index.js\n- /Users/pokeoseu/.nvm/versions/node/v12.14.1/lib/node_modules/firebase-tools/lib/emulator/functionsEmulatorRuntime.js\n    at Function.Module._resolveFilename (internal/modules/cjs/loader.js:793:17)\n    at Function.Module._load (internal/modules/cjs/loader.js:686:27)\n    at Module.require (internal/modules/cjs/loader.js:848:19)\n    at require (internal/modules/cjs/helpers.js:74:18)\n    at Object.<anonymous> (/Users/pokeoseu/Desktop/amazon-clone/functions/index.js:4:16)\n    at Module._compile (internal/modules/cjs/loader.js:955:30)\n    at Object.Module._extensions..js (internal/modules/cjs/loader.js:991:10)\n    at Module.load (internal/modules/cjs/loader.js:811:32)\n    at Function.Module._load (internal/modules/cjs/loader.js:723:14)\n    at Module.require (internal/modules/cjs/loader.js:848:19)"}}
[warn] ⚠  We were unable to load your functions code. (see above) {"metadata":{"emulator":{"name":"functions"}}}
[debug] [2020-12-28T06:46:47.734Z] [worker-~diagnostic~-92a4fa10-e1e4-4005-85cb-710bebdd3109]: exited {"metadata":{"emulator":{"name":"functions"},"message":"[worker-~diagnostic~-92a4fa10-e1e4-4005-85cb-710bebdd3109]: exited"}}
[debug] [2020-12-28T06:46:47.735Z] [worker-~diagnostic~-92a4fa10-e1e4-4005-85cb-710bebdd3109]: FINISHED {"metadata":{"emulator":{"name":"functions"},"message":"[worker-~diagnostic~-92a4fa10-e1e4-4005-85cb-710bebdd3109]: FINISHED"}}
[debug] [2020-12-28T06:46:49.563Z] File /Users/pokeoseu/Desktop/amazon-clone/functions/index.js changed, reloading triggers {"metadata":{"emulator":{"name":"functions"},"message":"File /Users/pokeoseu/Desktop/amazon-clone/functions/index.js changed, reloading triggers"}}
[debug] [2020-12-28T06:46:50.564Z] [worker-pool] Cleaned up workers for ~diagnostic~: 1 --> 0 {"metadata":{"emulator":{"name":"functions"},"message":"[worker-pool] Cleaned up workers for ~diagnostic~: 1 --> 0"}}
[debug] [2020-12-28T06:46:50.570Z] [worker-pool] addWorker(~diagnostic~) {"metadata":{"emulator":{"name":"functions"},"message":"[worker-pool] addWorker(~diagnostic~)"}}
[debug] [2020-12-28T06:46:50.571Z] [worker-pool] Adding worker with key ~diagnostic~, total=1 {"metadata":{"emulator":{"name":"functions"},"message":"[worker-pool] Adding worker with key ~diagnostic~, total=1"}}
[debug] [2020-12-28T06:46:50.571Z] [worker-pool] submitWork(triggerId=) {"metadata":{"emulator":{"name":"functions"},"message":"[worker-pool] submitWork(triggerId=)"}}
[debug] [2020-12-28T06:46:50.571Z] [worker-~diagnostic~-a3324f58-1919-42eb-a7d8-bbfcc2dba20e]: Assigning socketPath: /var/folders/84/79rdnsl55h1f9syrjz8n55kw0000gn/T/fire_emu_53402.sock {"metadata":{"emulator":{"name":"functions"},"message":"[worker-~diagnostic~-a3324f58-1919-42eb-a7d8-bbfcc2dba20e]: Assigning socketPath: /var/folders/84/79rdnsl55h1f9syrjz8n55kw0000gn/T/fire_emu_53402.sock"}}
[debug] [2020-12-28T06:46:50.571Z] [worker-~diagnostic~-a3324f58-1919-42eb-a7d8-bbfcc2dba20e]: BUSY {"metadata":{"emulator":{"name":"functions"},"message":"[worker-~diagnostic~-a3324f58-1919-42eb-a7d8-bbfcc2dba20e]: BUSY"}}
[debug] [2020-12-28T06:46:50.675Z] File /Users/pokeoseu/Desktop/amazon-clone/functions/index.js changed, reloading triggers {"metadata":{"emulator":{"name":"functions"},"message":"File /Users/pokeoseu/Desktop/amazon-clone/functions/index.js changed, reloading triggers"}}
[debug] [2020-12-28T06:46:50.792Z] [runtime-status] [53402] Functions runtime initialized. {"cwd":"/Users/pokeoseu/Desktop/amazon-clone/functions","node_version":"12.14.1"} {"metadata":{"emulator":{"name":"functions"},"message":"[runtime-status] [53402] Functions runtime initialized. {\"cwd\":\"/Users/pokeoseu/Desktop/amazon-clone/functions\",\"node_version\":\"12.14.1\"}"}}
[debug] [2020-12-28T06:46:50.793Z] [runtime-status] [53402] Disabled runtime features: undefined {"metadata":{"emulator":{"name":"functions"},"message":"[runtime-status] [53402] Disabled runtime features: undefined"}}
[debug] [2020-12-28T06:46:50.795Z] [runtime-status] [53402] Resolved module firebase-admin {"declared":true,"installed":true,"version":"9.4.2","resolution":"/Users/pokeoseu/Desktop/amazon-clone/functions/node_modules/firebase-admin/lib/index.js"} {"metadata":{"emulator":{"name":"functions"},"message":"[runtime-status] [53402] Resolved module firebase-admin {\"declared\":true,\"installed\":true,\"version\":\"9.4.2\",\"resolution\":\"/Users/pokeoseu/Desktop/amazon-clone/functions/node_modules/firebase-admin/lib/index.js\"}"}}
[debug] [2020-12-28T06:46:50.798Z] [runtime-status] [53402] Resolved module firebase-functions {"declared":true,"installed":true,"version":"3.13.0","resolution":"/Users/pokeoseu/Desktop/amazon-clone/functions/node_modules/firebase-functions/lib/index.js"} {"metadata":{"emulator":{"name":"functions"},"message":"[runtime-status] [53402] Resolved module firebase-functions {\"declared\":true,\"installed\":true,\"version\":\"3.13.0\",\"resolution\":\"/Users/pokeoseu/Desktop/amazon-clone/functions/node_modules/firebase-functions/lib/index.js\"}"}}
[debug] [2020-12-28T06:46:50.805Z] [runtime-status] [53402] Resolved module firebase-functions {"declared":true,"installed":true,"version":"3.13.0","resolution":"/Users/pokeoseu/Desktop/amazon-clone/functions/node_modules/firebase-functions/lib/index.js"} {"metadata":{"emulator":{"name":"functions"},"message":"[runtime-status] [53402] Resolved module firebase-functions {\"declared\":true,\"installed\":true,\"version\":\"3.13.0\",\"resolution\":\"/Users/pokeoseu/Desktop/amazon-clone/functions/node_modules/firebase-functions/lib/index.js\"}"}}
[debug] [2020-12-28T06:46:50.805Z] [runtime-status] [53402] Outgoing network have been stubbed. [{"name":"http","status":"mocked"},{"name":"http","status":"mocked"},{"name":"https","status":"mocked"},{"name":"https","status":"mocked"},{"name":"net","status":"mocked"}] {"metadata":{"emulator":{"name":"functions"},"message":"[runtime-status] [53402] Outgoing network have been stubbed. [{\"name\":\"http\",\"status\":\"mocked\"},{\"name\":\"http\",\"status\":\"mocked\"},{\"name\":\"https\",\"status\":\"mocked\"},{\"name\":\"https\",\"status\":\"mocked\"},{\"name\":\"net\",\"status\":\"mocked\"}]"}}
[debug] [2020-12-28T06:46:50.806Z] [runtime-status] [53402] Resolved module firebase-functions {"declared":true,"installed":true,"version":"3.13.0","resolution":"/Users/pokeoseu/Desktop/amazon-clone/functions/node_modules/firebase-functions/lib/index.js"} {"metadata":{"emulator":{"name":"functions"},"message":"[runtime-status] [53402] Resolved module firebase-functions {\"declared\":true,\"installed\":true,\"version\":\"3.13.0\",\"resolution\":\"/Users/pokeoseu/Desktop/amazon-clone/functions/node_modules/firebase-functions/lib/index.js\"}"}}
[debug] [2020-12-28T06:46:50.868Z] [runtime-status] [53402] Checked functions.config() {"config":{}} {"metadata":{"emulator":{"name":"functions"},"message":"[runtime-status] [53402] Checked functions.config() {\"config\":{}}"}}
[debug] [2020-12-28T06:46:50.869Z] [runtime-status] [53402] firebase-functions has been stubbed. {"functionsResolution":{"declared":true,"installed":true,"version":"3.13.0","resolution":"/Users/pokeoseu/Desktop/amazon-clone/functions/node_modules/firebase-functions/lib/index.js"}} {"metadata":{"emulator":{"name":"functions"},"message":"[runtime-status] [53402] firebase-functions has been stubbed. {\"functionsResolution\":{\"declared\":true,\"installed\":true,\"version\":\"3.13.0\",\"resolution\":\"/Users/pokeoseu/Desktop/amazon-clone/functions/node_modules/firebase-functions/lib/index.js\"}}"}}
[debug] [2020-12-28T06:46:50.869Z] [runtime-status] [53402] Resolved module firebase-functions {"declared":true,"installed":true,"version":"3.13.0","resolution":"/Users/pokeoseu/Desktop/amazon-clone/functions/node_modules/firebase-functions/lib/index.js"} {"metadata":{"emulator":{"name":"functions"},"message":"[runtime-status] [53402] Resolved module firebase-functions {\"declared\":true,\"installed\":true,\"version\":\"3.13.0\",\"resolution\":\"/Users/pokeoseu/Desktop/amazon-clone/functions/node_modules/firebase-functions/lib/index.js\"}"}}
[debug] [2020-12-28T06:46:50.871Z] [runtime-status] [53402] Resolved module firebase-admin {"declared":true,"installed":true,"version":"9.4.2","resolution":"/Users/pokeoseu/Desktop/amazon-clone/functions/node_modules/firebase-admin/lib/index.js"} {"metadata":{"emulator":{"name":"functions"},"message":"[runtime-status] [53402] Resolved module firebase-admin {\"declared\":true,\"installed\":true,\"version\":\"9.4.2\",\"resolution\":\"/Users/pokeoseu/Desktop/amazon-clone/functions/node_modules/firebase-admin/lib/index.js\"}"}}
[debug] [2020-12-28T06:46:50.873Z] [runtime-status] [53402] Resolved module firebase-functions {"declared":true,"installed":true,"version":"3.13.0","resolution":"/Users/pokeoseu/Desktop/amazon-clone/functions/node_modules/firebase-functions/lib/index.js"} {"metadata":{"emulator":{"name":"functions"},"message":"[runtime-status] [53402] Resolved module firebase-functions {\"declared\":true,\"installed\":true,\"version\":\"3.13.0\",\"resolution\":\"/Users/pokeoseu/Desktop/amazon-clone/functions/node_modules/firebase-functions/lib/index.js\"}"}}
[debug] [2020-12-28T06:46:50.873Z] [runtime-status] [53402] firebase-admin has been stubbed. {"adminResolution":{"declared":true,"installed":true,"version":"9.4.2","resolution":"/Users/pokeoseu/Desktop/amazon-clone/functions/node_modules/firebase-admin/lib/index.js"}} {"metadata":{"emulator":{"name":"functions"},"message":"[runtime-status] [53402] firebase-admin has been stubbed. {\"adminResolution\":{\"declared\":true,\"installed\":true,\"version\":\"9.4.2\",\"resolution\":\"/Users/pokeoseu/Desktop/amazon-clone/functions/node_modules/firebase-admin/lib/index.js\"}}"}}
[warn] ⚠  Error: Cannot find module 'stripe'
Require stack:
- /Users/pokeoseu/Desktop/amazon-clone/functions/index.js
- /Users/pokeoseu/.nvm/versions/node/v12.14.1/lib/node_modules/firebase-tools/lib/emulator/functionsEmulatorRuntime.js
    at Function.Module._resolveFilename (internal/modules/cjs/loader.js:793:17)
    at Function.Module._load (internal/modules/cjs/loader.js:686:27)
    at Module.require (internal/modules/cjs/loader.js:848:19)
    at require (internal/modules/cjs/helpers.js:74:18)
    at Object.<anonymous> (/Users/pokeoseu/Desktop/amazon-clone/functions/index.js:4:16)
    at Module._compile (internal/modules/cjs/loader.js:955:30)
    at Object.Module._extensions..js (internal/modules/cjs/loader.js:991:10)
    at Module.load (internal/modules/cjs/loader.js:811:32)
    at Function.Module._load (internal/modules/cjs/loader.js:723:14)
    at Module.require (internal/modules/cjs/loader.js:848:19) {"metadata":{"emulator":{"name":"functions"},"message":"Error: Cannot find module 'stripe'\nRequire stack:\n- /Users/pokeoseu/Desktop/amazon-clone/functions/index.js\n- /Users/pokeoseu/.nvm/versions/node/v12.14.1/lib/node_modules/firebase-tools/lib/emulator/functionsEmulatorRuntime.js\n    at Function.Module._resolveFilename (internal/modules/cjs/loader.js:793:17)\n    at Function.Module._load (internal/modules/cjs/loader.js:686:27)\n    at Module.require (internal/modules/cjs/loader.js:848:19)\n    at require (internal/modules/cjs/helpers.js:74:18)\n    at Object.<anonymous> (/Users/pokeoseu/Desktop/amazon-clone/functions/index.js:4:16)\n    at Module._compile (internal/modules/cjs/loader.js:955:30)\n    at Object.Module._extensions..js (internal/modules/cjs/loader.js:991:10)\n    at Module.load (internal/modules/cjs/loader.js:811:32)\n    at Function.Module._load (internal/modules/cjs/loader.js:723:14)\n    at Module.require (internal/modules/cjs/loader.js:848:19)"}}
[warn] ⚠  We were unable to load your functions code. (see above) {"metadata":{"emulator":{"name":"functions"}}}
[debug] [2020-12-28T06:46:51.157Z] [worker-~diagnostic~-a3324f58-1919-42eb-a7d8-bbfcc2dba20e]: exited {"metadata":{"emulator":{"name":"functions"},"message":"[worker-~diagnostic~-a3324f58-1919-42eb-a7d8-bbfcc2dba20e]: exited"}}
[debug] [2020-12-28T06:46:51.157Z] [worker-~diagnostic~-a3324f58-1919-42eb-a7d8-bbfcc2dba20e]: FINISHED {"metadata":{"emulator":{"name":"functions"},"message":"[worker-~diagnostic~-a3324f58-1919-42eb-a7d8-bbfcc2dba20e]: FINISHED"}}
[debug] [2020-12-28T06:46:51.679Z] [worker-pool] Cleaned up workers for ~diagnostic~: 1 --> 0 {"metadata":{"emulator":{"name":"functions"},"message":"[worker-pool] Cleaned up workers for ~diagnostic~: 1 --> 0"}}
[debug] [2020-12-28T06:46:51.684Z] [worker-pool] addWorker(~diagnostic~) {"metadata":{"emulator":{"name":"functions"},"message":"[worker-pool] addWorker(~diagnostic~)"}}
[debug] [2020-12-28T06:46:51.684Z] [worker-pool] Adding worker with key ~diagnostic~, total=1 {"metadata":{"emulator":{"name":"functions"},"message":"[worker-pool] Adding worker with key ~diagnostic~, total=1"}}
[debug] [2020-12-28T06:46:51.684Z] [worker-pool] submitWork(triggerId=) {"metadata":{"emulator":{"name":"functions"},"message":"[worker-pool] submitWork(triggerId=)"}}
[debug] [2020-12-28T06:46:51.684Z] [worker-~diagnostic~-5351dce1-f119-4aa4-b746-05d4a120a1f1]: Assigning socketPath: /var/folders/84/79rdnsl55h1f9syrjz8n55kw0000gn/T/fire_emu_53403.sock {"metadata":{"emulator":{"name":"functions"},"message":"[worker-~diagnostic~-5351dce1-f119-4aa4-b746-05d4a120a1f1]: Assigning socketPath: /var/folders/84/79rdnsl55h1f9syrjz8n55kw0000gn/T/fire_emu_53403.sock"}}
[debug] [2020-12-28T06:46:51.684Z] [worker-~diagnostic~-5351dce1-f119-4aa4-b746-05d4a120a1f1]: BUSY {"metadata":{"emulator":{"name":"functions"},"message":"[worker-~diagnostic~-5351dce1-f119-4aa4-b746-05d4a120a1f1]: BUSY"}}
[debug] [2020-12-28T06:46:51.847Z] [runtime-status] [53403] Functions runtime initialized. {"cwd":"/Users/pokeoseu/Desktop/amazon-clone/functions","node_version":"12.14.1"} {"metadata":{"emulator":{"name":"functions"},"message":"[runtime-status] [53403] Functions runtime initialized. {\"cwd\":\"/Users/pokeoseu/Desktop/amazon-clone/functions\",\"node_version\":\"12.14.1\"}"}}
[debug] [2020-12-28T06:46:51.848Z] [runtime-status] [53403] Disabled runtime features: undefined {"metadata":{"emulator":{"name":"functions"},"message":"[runtime-status] [53403] Disabled runtime features: undefined"}}
[debug] [2020-12-28T06:46:51.850Z] [runtime-status] [53403] Resolved module firebase-admin {"declared":true,"installed":true,"version":"9.4.2","resolution":"/Users/pokeoseu/Desktop/amazon-clone/functions/node_modules/firebase-admin/lib/index.js"} {"metadata":{"emulator":{"name":"functions"},"message":"[runtime-status] [53403] Resolved module firebase-admin {\"declared\":true,\"installed\":true,\"version\":\"9.4.2\",\"resolution\":\"/Users/pokeoseu/Desktop/amazon-clone/functions/node_modules/firebase-admin/lib/index.js\"}"}}
[debug] [2020-12-28T06:46:51.853Z] [runtime-status] [53403] Resolved module firebase-functions {"declared":true,"installed":true,"version":"3.13.0","resolution":"/Users/pokeoseu/Desktop/amazon-clone/functions/node_modules/firebase-functions/lib/index.js"} {"metadata":{"emulator":{"name":"functions"},"message":"[runtime-status] [53403] Resolved module firebase-functions {\"declared\":true,\"installed\":true,\"version\":\"3.13.0\",\"resolution\":\"/Users/pokeoseu/Desktop/amazon-clone/functions/node_modules/firebase-functions/lib/index.js\"}"}}
[debug] [2020-12-28T06:46:51.854Z] [runtime-status] [53403] Resolved module firebase-functions {"declared":true,"installed":true,"version":"3.13.0","resolution":"/Users/pokeoseu/Desktop/amazon-clone/functions/node_modules/firebase-functions/lib/index.js"} {"metadata":{"emulator":{"name":"functions"},"message":"[runtime-status] [53403] Resolved module firebase-functions {\"declared\":true,\"installed\":true,\"version\":\"3.13.0\",\"resolution\":\"/Users/pokeoseu/Desktop/amazon-clone/functions/node_modules/firebase-functions/lib/index.js\"}"}}
[debug] [2020-12-28T06:46:51.856Z] [runtime-status] [53403] Outgoing network have been stubbed. [{"name":"http","status":"mocked"},{"name":"http","status":"mocked"},{"name":"https","status":"mocked"},{"name":"https","status":"mocked"},{"name":"net","status":"mocked"}] {"metadata":{"emulator":{"name":"functions"},"message":"[runtime-status] [53403] Outgoing network have been stubbed. [{\"name\":\"http\",\"status\":\"mocked\"},{\"name\":\"http\",\"status\":\"mocked\"},{\"name\":\"https\",\"status\":\"mocked\"},{\"name\":\"https\",\"status\":\"mocked\"},{\"name\":\"net\",\"status\":\"mocked\"}]"}}
[debug] [2020-12-28T06:46:51.856Z] [runtime-status] [53403] Resolved module firebase-functions {"declared":true,"installed":true,"version":"3.13.0","resolution":"/Users/pokeoseu/Desktop/amazon-clone/functions/node_modules/firebase-functions/lib/index.js"} {"metadata":{"emulator":{"name":"functions"},"message":"[runtime-status] [53403] Resolved module firebase-functions {\"declared\":true,\"installed\":true,\"version\":\"3.13.0\",\"resolution\":\"/Users/pokeoseu/Desktop/amazon-clone/functions/node_modules/firebase-functions/lib/index.js\"}"}}
[debug] [2020-12-28T06:46:51.915Z] [runtime-status] [53403] Checked functions.config() {"config":{}} {"metadata":{"emulator":{"name":"functions"},"message":"[runtime-status] [53403] Checked functions.config() {\"config\":{}}"}}
[debug] [2020-12-28T06:46:51.916Z] [runtime-status] [53403] firebase-functions has been stubbed. {"functionsResolution":{"declared":true,"installed":true,"version":"3.13.0","resolution":"/Users/pokeoseu/Desktop/amazon-clone/functions/node_modules/firebase-functions/lib/index.js"}} {"metadata":{"emulator":{"name":"functions"},"message":"[runtime-status] [53403] firebase-functions has been stubbed. {\"functionsResolution\":{\"declared\":true,\"installed\":true,\"version\":\"3.13.0\",\"resolution\":\"/Users/pokeoseu/Desktop/amazon-clone/functions/node_modules/firebase-functions/lib/index.js\"}}"}}
[debug] [2020-12-28T06:46:51.916Z] [runtime-status] [53403] Resolved module firebase-functions {"declared":true,"installed":true,"version":"3.13.0","resolution":"/Users/pokeoseu/Desktop/amazon-clone/functions/node_modules/firebase-functions/lib/index.js"} {"metadata":{"emulator":{"name":"functions"},"message":"[runtime-status] [53403] Resolved module firebase-functions {\"declared\":true,\"installed\":true,\"version\":\"3.13.0\",\"resolution\":\"/Users/pokeoseu/Desktop/amazon-clone/functions/node_modules/firebase-functions/lib/index.js\"}"}}
[debug] [2020-12-28T06:46:51.917Z] [runtime-status] [53403] Resolved module firebase-admin {"declared":true,"installed":true,"version":"9.4.2","resolution":"/Users/pokeoseu/Desktop/amazon-clone/functions/node_modules/firebase-admin/lib/index.js"} {"metadata":{"emulator":{"name":"functions"},"message":"[runtime-status] [53403] Resolved module firebase-admin {\"declared\":true,\"installed\":true,\"version\":\"9.4.2\",\"resolution\":\"/Users/pokeoseu/Desktop/amazon-clone/functions/node_modules/firebase-admin/lib/index.js\"}"}}
[debug] [2020-12-28T06:46:51.917Z] [runtime-status] [53403] Resolved module firebase-functions {"declared":true,"installed":true,"version":"3.13.0","resolution":"/Users/pokeoseu/Desktop/amazon-clone/functions/node_modules/firebase-functions/lib/index.js"} {"metadata":{"emulator":{"name":"functions"},"message":"[runtime-status] [53403] Resolved module firebase-functions {\"declared\":true,\"installed\":true,\"version\":\"3.13.0\",\"resolution\":\"/Users/pokeoseu/Desktop/amazon-clone/functions/node_modules/firebase-functions/lib/index.js\"}"}}
[debug] [2020-12-28T06:46:51.918Z] [runtime-status] [53403] firebase-admin has been stubbed. {"adminResolution":{"declared":true,"installed":true,"version":"9.4.2","resolution":"/Users/pokeoseu/Desktop/amazon-clone/functions/node_modules/firebase-admin/lib/index.js"}} {"metadata":{"emulator":{"name":"functions"},"message":"[runtime-status] [53403] firebase-admin has been stubbed. {\"adminResolution\":{\"declared\":true,\"installed\":true,\"version\":\"9.4.2\",\"resolution\":\"/Users/pokeoseu/Desktop/amazon-clone/functions/node_modules/firebase-admin/lib/index.js\"}}"}}
[warn] ⚠  Error: Cannot find module 'stripe'
Require stack:
- /Users/pokeoseu/Desktop/amazon-clone/functions/index.js
- /Users/pokeoseu/.nvm/versions/node/v12.14.1/lib/node_modules/firebase-tools/lib/emulator/functionsEmulatorRuntime.js
    at Function.Module._resolveFilename (internal/modules/cjs/loader.js:793:17)
    at Function.Module._load (internal/modules/cjs/loader.js:686:27)
    at Module.require (internal/modules/cjs/loader.js:848:19)
    at require (internal/modules/cjs/helpers.js:74:18)
    at Object.<anonymous> (/Users/pokeoseu/Desktop/amazon-clone/functions/index.js:4:16)
    at Module._compile (internal/modules/cjs/loader.js:955:30)
    at Object.Module._extensions..js (internal/modules/cjs/loader.js:991:10)
    at Module.load (internal/modules/cjs/loader.js:811:32)
    at Function.Module._load (internal/modules/cjs/loader.js:723:14)
    at Module.require (internal/modules/cjs/loader.js:848:19) {"metadata":{"emulator":{"name":"functions"},"message":"Error: Cannot find module 'stripe'\nRequire stack:\n- /Users/pokeoseu/Desktop/amazon-clone/functions/index.js\n- /Users/pokeoseu/.nvm/versions/node/v12.14.1/lib/node_modules/firebase-tools/lib/emulator/functionsEmulatorRuntime.js\n    at Function.Module._resolveFilename (internal/modules/cjs/loader.js:793:17)\n    at Function.Module._load (internal/modules/cjs/loader.js:686:27)\n    at Module.require (internal/modules/cjs/loader.js:848:19)\n    at require (internal/modules/cjs/helpers.js:74:18)\n    at Object.<anonymous> (/Users/pokeoseu/Desktop/amazon-clone/functions/index.js:4:16)\n    at Module._compile (internal/modules/cjs/loader.js:955:30)\n    at Object.Module._extensions..js (internal/modules/cjs/loader.js:991:10)\n    at Module.load (internal/modules/cjs/loader.js:811:32)\n    at Function.Module._load (internal/modules/cjs/loader.js:723:14)\n    at Module.require (internal/modules/cjs/loader.js:848:19)"}}
[warn] ⚠  We were unable to load your functions code. (see above) {"metadata":{"emulator":{"name":"functions"}}}
[debug] [2020-12-28T06:46:52.077Z] [worker-~diagnostic~-5351dce1-f119-4aa4-b746-05d4a120a1f1]: exited {"metadata":{"emulator":{"name":"functions"},"message":"[worker-~diagnostic~-5351dce1-f119-4aa4-b746-05d4a120a1f1]: exited"}}
[debug] [2020-12-28T06:46:52.078Z] [worker-~diagnostic~-5351dce1-f119-4aa4-b746-05d4a120a1f1]: FINISHED {"metadata":{"emulator":{"name":"functions"},"message":"[worker-~diagnostic~-5351dce1-f119-4aa4-b746-05d4a120a1f1]: FINISHED"}}
[debug] [2020-12-28T06:47:05.694Z] File /Users/pokeoseu/Desktop/amazon-clone/functions/index.js changed, reloading triggers {"metadata":{"emulator":{"name":"functions"},"message":"File /Users/pokeoseu/Desktop/amazon-clone/functions/index.js changed, reloading triggers"}}
[debug] [2020-12-28T06:47:06.697Z] [worker-pool] Cleaned up workers for ~diagnostic~: 1 --> 0 {"metadata":{"emulator":{"name":"functions"},"message":"[worker-pool] Cleaned up workers for ~diagnostic~: 1 --> 0"}}
[debug] [2020-12-28T06:47:06.703Z] [worker-pool] addWorker(~diagnostic~) {"metadata":{"emulator":{"name":"functions"},"message":"[worker-pool] addWorker(~diagnostic~)"}}
[debug] [2020-12-28T06:47:06.703Z] [worker-pool] Adding worker with key ~diagnostic~, total=1 {"metadata":{"emulator":{"name":"functions"},"message":"[worker-pool] Adding worker with key ~diagnostic~, total=1"}}
[debug] [2020-12-28T06:47:06.703Z] [worker-pool] submitWork(triggerId=) {"metadata":{"emulator":{"name":"functions"},"message":"[worker-pool] submitWork(triggerId=)"}}
[debug] [2020-12-28T06:47:06.703Z] [worker-~diagnostic~-1e55aea8-b578-48fa-b40a-a3aefa6e36cd]: Assigning socketPath: /var/folders/84/79rdnsl55h1f9syrjz8n55kw0000gn/T/fire_emu_53404.sock {"metadata":{"emulator":{"name":"functions"},"message":"[worker-~diagnostic~-1e55aea8-b578-48fa-b40a-a3aefa6e36cd]: Assigning socketPath: /var/folders/84/79rdnsl55h1f9syrjz8n55kw0000gn/T/fire_emu_53404.sock"}}
[debug] [2020-12-28T06:47:06.703Z] [worker-~diagnostic~-1e55aea8-b578-48fa-b40a-a3aefa6e36cd]: BUSY {"metadata":{"emulator":{"name":"functions"},"message":"[worker-~diagnostic~-1e55aea8-b578-48fa-b40a-a3aefa6e36cd]: BUSY"}}
[debug] [2020-12-28T06:47:06.901Z] [runtime-status] [53404] Functions runtime initialized. {"cwd":"/Users/pokeoseu/Desktop/amazon-clone/functions","node_version":"12.14.1"} {"metadata":{"emulator":{"name":"functions"},"message":"[runtime-status] [53404] Functions runtime initialized. {\"cwd\":\"/Users/pokeoseu/Desktop/amazon-clone/functions\",\"node_version\":\"12.14.1\"}"}}
[debug] [2020-12-28T06:47:06.902Z] [runtime-status] [53404] Disabled runtime features: undefined {"metadata":{"emulator":{"name":"functions"},"message":"[runtime-status] [53404] Disabled runtime features: undefined"}}
[debug] [2020-12-28T06:47:06.905Z] [runtime-status] [53404] Resolved module firebase-admin {"declared":true,"installed":true,"version":"9.4.2","resolution":"/Users/pokeoseu/Desktop/amazon-clone/functions/node_modules/firebase-admin/lib/index.js"} {"metadata":{"emulator":{"name":"functions"},"message":"[runtime-status] [53404] Resolved module firebase-admin {\"declared\":true,\"installed\":true,\"version\":\"9.4.2\",\"resolution\":\"/Users/pokeoseu/Desktop/amazon-clone/functions/node_modules/firebase-admin/lib/index.js\"}"}}
[debug] [2020-12-28T06:47:06.907Z] [runtime-status] [53404] Resolved module firebase-functions {"declared":true,"installed":true,"version":"3.13.0","resolution":"/Users/pokeoseu/Desktop/amazon-clone/functions/node_modules/firebase-functions/lib/index.js"} {"metadata":{"emulator":{"name":"functions"},"message":"[runtime-status] [53404] Resolved module firebase-functions {\"declared\":true,\"installed\":true,\"version\":\"3.13.0\",\"resolution\":\"/Users/pokeoseu/Desktop/amazon-clone/functions/node_modules/firebase-functions/lib/index.js\"}"}}
[debug] [2020-12-28T06:47:06.908Z] [runtime-status] [53404] Resolved module firebase-functions {"declared":true,"installed":true,"version":"3.13.0","resolution":"/Users/pokeoseu/Desktop/amazon-clone/functions/node_modules/firebase-functions/lib/index.js"} {"metadata":{"emulator":{"name":"functions"},"message":"[runtime-status] [53404] Resolved module firebase-functions {\"declared\":true,\"installed\":true,\"version\":\"3.13.0\",\"resolution\":\"/Users/pokeoseu/Desktop/amazon-clone/functions/node_modules/firebase-functions/lib/index.js\"}"}}
[debug] [2020-12-28T06:47:06.910Z] [runtime-status] [53404] Outgoing network have been stubbed. [{"name":"http","status":"mocked"},{"name":"http","status":"mocked"},{"name":"https","status":"mocked"},{"name":"https","status":"mocked"},{"name":"net","status":"mocked"}] {"metadata":{"emulator":{"name":"functions"},"message":"[runtime-status] [53404] Outgoing network have been stubbed. [{\"name\":\"http\",\"status\":\"mocked\"},{\"name\":\"http\",\"status\":\"mocked\"},{\"name\":\"https\",\"status\":\"mocked\"},{\"name\":\"https\",\"status\":\"mocked\"},{\"name\":\"net\",\"status\":\"mocked\"}]"}}
[debug] [2020-12-28T06:47:06.911Z] [runtime-status] [53404] Resolved module firebase-functions {"declared":true,"installed":true,"version":"3.13.0","resolution":"/Users/pokeoseu/Desktop/amazon-clone/functions/node_modules/firebase-functions/lib/index.js"} {"metadata":{"emulator":{"name":"functions"},"message":"[runtime-status] [53404] Resolved module firebase-functions {\"declared\":true,\"installed\":true,\"version\":\"3.13.0\",\"resolution\":\"/Users/pokeoseu/Desktop/amazon-clone/functions/node_modules/firebase-functions/lib/index.js\"}"}}
[debug] [2020-12-28T06:47:06.959Z] [runtime-status] [53404] Checked functions.config() {"config":{}} {"metadata":{"emulator":{"name":"functions"},"message":"[runtime-status] [53404] Checked functions.config() {\"config\":{}}"}}
[debug] [2020-12-28T06:47:06.960Z] [runtime-status] [53404] firebase-functions has been stubbed. {"functionsResolution":{"declared":true,"installed":true,"version":"3.13.0","resolution":"/Users/pokeoseu/Desktop/amazon-clone/functions/node_modules/firebase-functions/lib/index.js"}} {"metadata":{"emulator":{"name":"functions"},"message":"[runtime-status] [53404] firebase-functions has been stubbed. {\"functionsResolution\":{\"declared\":true,\"installed\":true,\"version\":\"3.13.0\",\"resolution\":\"/Users/pokeoseu/Desktop/amazon-clone/functions/node_modules/firebase-functions/lib/index.js\"}}"}}
[debug] [2020-12-28T06:47:06.960Z] [runtime-status] [53404] Resolved module firebase-functions {"declared":true,"installed":true,"version":"3.13.0","resolution":"/Users/pokeoseu/Desktop/amazon-clone/functions/node_modules/firebase-functions/lib/index.js"} {"metadata":{"emulator":{"name":"functions"},"message":"[runtime-status] [53404] Resolved module firebase-functions {\"declared\":true,\"installed\":true,\"version\":\"3.13.0\",\"resolution\":\"/Users/pokeoseu/Desktop/amazon-clone/functions/node_modules/firebase-functions/lib/index.js\"}"}}
[debug] [2020-12-28T06:47:06.961Z] [runtime-status] [53404] Resolved module firebase-admin {"declared":true,"installed":true,"version":"9.4.2","resolution":"/Users/pokeoseu/Desktop/amazon-clone/functions/node_modules/firebase-admin/lib/index.js"} {"metadata":{"emulator":{"name":"functions"},"message":"[runtime-status] [53404] Resolved module firebase-admin {\"declared\":true,\"installed\":true,\"version\":\"9.4.2\",\"resolution\":\"/Users/pokeoseu/Desktop/amazon-clone/functions/node_modules/firebase-admin/lib/index.js\"}"}}
[debug] [2020-12-28T06:47:06.961Z] [runtime-status] [53404] Resolved module firebase-functions {"declared":true,"installed":true,"version":"3.13.0","resolution":"/Users/pokeoseu/Desktop/amazon-clone/functions/node_modules/firebase-functions/lib/index.js"} {"metadata":{"emulator":{"name":"functions"},"message":"[runtime-status] [53404] Resolved module firebase-functions {\"declared\":true,\"installed\":true,\"version\":\"3.13.0\",\"resolution\":\"/Users/pokeoseu/Desktop/amazon-clone/functions/node_modules/firebase-functions/lib/index.js\"}"}}
[debug] [2020-12-28T06:47:06.961Z] [runtime-status] [53404] firebase-admin has been stubbed. {"adminResolution":{"declared":true,"installed":true,"version":"9.4.2","resolution":"/Users/pokeoseu/Desktop/amazon-clone/functions/node_modules/firebase-admin/lib/index.js"}} {"metadata":{"emulator":{"name":"functions"},"message":"[runtime-status] [53404] firebase-admin has been stubbed. {\"adminResolution\":{\"declared\":true,\"installed\":true,\"version\":\"9.4.2\",\"resolution\":\"/Users/pokeoseu/Desktop/amazon-clone/functions/node_modules/firebase-admin/lib/index.js\"}}"}}
[warn] ⚠  Error: Cannot find module 'stripe'
Require stack:
- /Users/pokeoseu/Desktop/amazon-clone/functions/index.js
- /Users/pokeoseu/.nvm/versions/node/v12.14.1/lib/node_modules/firebase-tools/lib/emulator/functionsEmulatorRuntime.js
    at Function.Module._resolveFilename (internal/modules/cjs/loader.js:793:17)
    at Function.Module._load (internal/modules/cjs/loader.js:686:27)
    at Module.require (internal/modules/cjs/loader.js:848:19)
    at require (internal/modules/cjs/helpers.js:74:18)
    at Object.<anonymous> (/Users/pokeoseu/Desktop/amazon-clone/functions/index.js:4:16)
    at Module._compile (internal/modules/cjs/loader.js:955:30)
    at Object.Module._extensions..js (internal/modules/cjs/loader.js:991:10)
    at Module.load (internal/modules/cjs/loader.js:811:32)
    at Function.Module._load (internal/modules/cjs/loader.js:723:14)
    at Module.require (internal/modules/cjs/loader.js:848:19) {"metadata":{"emulator":{"name":"functions"},"message":"Error: Cannot find module 'stripe'\nRequire stack:\n- /Users/pokeoseu/Desktop/amazon-clone/functions/index.js\n- /Users/pokeoseu/.nvm/versions/node/v12.14.1/lib/node_modules/firebase-tools/lib/emulator/functionsEmulatorRuntime.js\n    at Function.Module._resolveFilename (internal/modules/cjs/loader.js:793:17)\n    at Function.Module._load (internal/modules/cjs/loader.js:686:27)\n    at Module.require (internal/modules/cjs/loader.js:848:19)\n    at require (internal/modules/cjs/helpers.js:74:18)\n    at Object.<anonymous> (/Users/pokeoseu/Desktop/amazon-clone/functions/index.js:4:16)\n    at Module._compile (internal/modules/cjs/loader.js:955:30)\n    at Object.Module._extensions..js (internal/modules/cjs/loader.js:991:10)\n    at Module.load (internal/modules/cjs/loader.js:811:32)\n    at Function.Module._load (internal/modules/cjs/loader.js:723:14)\n    at Module.require (internal/modules/cjs/loader.js:848:19)"}}
[warn] ⚠  We were unable to load your functions code. (see above) {"metadata":{"emulator":{"name":"functions"}}}
[debug] [2020-12-28T06:47:07.083Z] [worker-~diagnostic~-1e55aea8-b578-48fa-b40a-a3aefa6e36cd]: exited {"metadata":{"emulator":{"name":"functions"},"message":"[worker-~diagnostic~-1e55aea8-b578-48fa-b40a-a3aefa6e36cd]: exited"}}
[debug] [2020-12-28T06:47:07.084Z] [worker-~diagnostic~-1e55aea8-b578-48fa-b40a-a3aefa6e36cd]: FINISHED {"metadata":{"emulator":{"name":"functions"},"message":"[worker-~diagnostic~-1e55aea8-b578-48fa-b40a-a3aefa6e36cd]: FINISHED"}}
